<?xml version="1.0" encoding="UTF-8"?>
<!-- Generated by org.testng.reporters.JUnitReportReporter -->
<testsuite hostname="LAPTOP-M4JVQ32U" failures="0" tests="3" name="com.ExcelOperation.TestIngLoginDetails1" time="12.711" errors="0" timestamp="2023-11-25T12:18:41 IST" skipped="0">
  <testcase classname="com.ExcelOperation.TestIngLoginDetails1" name="loginPanelTextAndInvalidCredintials" time="1.467"/>
  <system-out/>
  <testcase classname="com.ExcelOperation.TestIngLoginDetails1" name="TestData" time="8.484"/>
  <system-out/>
  <testcase classname="com.ExcelOperation.TestIngLoginDetails1" name="logOut" time="2.760"/>
  <system-out/>
</testsuite> <!-- com.ExcelOperation.TestIngLoginDetails1 -->
