<?xml version="1.0" encoding="UTF-8"?>
<!-- Generated by org.testng.reporters.JUnitReportReporter -->
<testsuite hostname="LAPTOP-M4JVQ32U" failures="0" tests="6" name="OrangeHRMTestNGScripts.TestNGAddEmployee" time="72.906" errors="0" timestamp="2023-11-22T22:16:44 IST" skipped="0">
  <testcase classname="OrangeHRMTestNGScripts.TestNGAddEmployee" name="LoginPanelText" time="0.508"/>
  <system-out/>
  <testcase classname="OrangeHRMTestNGScripts.TestNGAddEmployee" name="LoginPageTitle" time="0.067"/>
  <system-out/>
  <testcase classname="OrangeHRMTestNGScripts.TestNGAddEmployee" name="HomePageValidation" time="1.489"/>
  <system-out/>
  <testcase classname="OrangeHRMTestNGScripts.TestNGAddEmployee" name="PImelement" time="1.424"/>
  <system-out/>
  <testcase classname="OrangeHRMTestNGScripts.TestNGAddEmployee" name="AddEmployeeDetails" time="68.235"/>
  <system-out/>
  <testcase classname="OrangeHRMTestNGScripts.TestNGAddEmployee" name="LogOut" time="1.183"/>
  <system-out/>
</testsuite> <!-- OrangeHRMTestNGScripts.TestNGAddEmployee -->
