<?xml version="1.0" encoding="UTF-8"?>
<!-- Generated by org.testng.reporters.JUnitReportReporter -->
<testsuite hostname="LAPTOP-M4JVQ32U" failures="0" tests="6" name="com.ExcelOperation.TestNGAddEmployee" time="73.538" errors="0" timestamp="2023-11-30T16:23:46 IST" skipped="0">
  <testcase classname="com.ExcelOperation.TestNGAddEmployee" name="LoginPanelText" time="0.595"/>
  <system-out/>
  <testcase classname="com.ExcelOperation.TestNGAddEmployee" name="LoginPageTitle" time="0.122"/>
  <system-out/>
  <testcase classname="com.ExcelOperation.TestNGAddEmployee" name="HomePageValidation" time="1.713"/>
  <system-out/>
  <testcase classname="com.ExcelOperation.TestNGAddEmployee" name="PImelement" time="1.524"/>
  <system-out/>
  <testcase classname="com.ExcelOperation.TestNGAddEmployee" name="AddEmployeeDetails" time="68.681"/>
  <system-out/>
  <testcase classname="com.ExcelOperation.TestNGAddEmployee" name="LogOut" time="0.903"/>
  <system-out/>
</testsuite> <!-- com.ExcelOperation.TestNGAddEmployee -->
