<?xml version="1.0" encoding="UTF-8"?>
<!-- Generated by org.testng.reporters.JUnitReportReporter -->
<testsuite hostname="LAPTOP-M4JVQ32U" failures="0" tests="4" name="com.ExcelOperation.TestNGEmployeeList" time="21.961" errors="0" timestamp="2023-11-30T16:53:44 IST" skipped="0">
  <testcase classname="com.ExcelOperation.TestNGEmployeeList" name="Loginpage" time="2.096"/>
  <system-out/>
  <testcase classname="com.ExcelOperation.TestNGEmployeeList" name="PIMEmployeeList" time="1.589"/>
  <system-out/>
  <testcase classname="com.ExcelOperation.TestNGEmployeeList" name="EmployeeDetails" time="17.434"/>
  <system-out/>
  <testcase classname="com.ExcelOperation.TestNGEmployeeList" name="LogOut" time="0.842"/>
  <system-out/>
</testsuite> <!-- com.ExcelOperation.TestNGEmployeeList -->
