<?xml version="1.0" encoding="UTF-8"?>
<!-- Generated by org.testng.reporters.JUnitReportReporter -->
<testsuite hostname="LAPTOP-M4JVQ32U" failures="0" tests="4" name="OrangeHRMTestNGScripts.TestNGEmployeeList" time="14.248" errors="0" timestamp="2023-11-26T12:05:24 IST" skipped="0">
  <testcase classname="OrangeHRMTestNGScripts.TestNGEmployeeList" name="Loginpage" time="4.844"/>
  <system-out/>
  <testcase classname="OrangeHRMTestNGScripts.TestNGEmployeeList" name="PIMEmployeeList" time="3.065"/>
  <system-out/>
  <testcase classname="OrangeHRMTestNGScripts.TestNGEmployeeList" name="EmployeeDetails" time="5.231"/>
  <system-out/>
  <testcase classname="OrangeHRMTestNGScripts.TestNGEmployeeList" name="LogOut" time="1.108"/>
  <system-out/>
</testsuite> <!-- OrangeHRMTestNGScripts.TestNGEmployeeList -->
