<?xml version="1.0" encoding="UTF-8"?>
<!-- Generated by org.testng.reporters.JUnitReportReporter -->
<testsuite hostname="LAPTOP-M4JVQ32U" failures="0" tests="4" name="OrangeHRMApplicationTestCases.OrangeHRM_HomepageTest" time="12.060" errors="0" timestamp="2023-11-27T11:49:30 IST" skipped="0">
  <testcase classname="OrangeHRMApplicationTestCases.OrangeHRM_HomepageTest" name="validatingWelcomeAdminFunctionalityTest" time="3.178"/>
  <system-out/>
  <testcase classname="OrangeHRMApplicationTestCases.OrangeHRM_HomepageTest" name="ValidatingOrangeHRMHomePageLogoTest" time="2.922"/>
  <system-out/>
  <testcase classname="OrangeHRMApplicationTestCases.OrangeHRM_HomepageTest" name="ValidatingOrangeHRMHomePageTextTest" time="2.979"/>
  <system-out/>
  <testcase classname="OrangeHRMApplicationTestCases.OrangeHRM_HomepageTest" name="ValidatingOrangeHRMHomePageAdminElementTest" time="2.981"/>
  <system-out/>
</testsuite> <!-- OrangeHRMApplicationTestCases.OrangeHRM_HomepageTest -->
