<?xml version="1.0" encoding="UTF-8"?>
<!-- Generated by org.testng.reporters.JUnitReportReporter -->
<testsuite hostname="LAPTOP-M4JVQ32U" failures="0" tests="6" name="OrangeHRMTestNGScripts.TestNGAddEmployee" time="74.714" errors="0" timestamp="2023-11-23T09:58:18 IST" skipped="0">
  <testcase classname="OrangeHRMTestNGScripts.TestNGAddEmployee" name="LoginPanelText" time="0.709"/>
  <system-out/>
  <testcase classname="OrangeHRMTestNGScripts.TestNGAddEmployee" name="LoginPageTitle" time="0.103"/>
  <system-out/>
  <testcase classname="OrangeHRMTestNGScripts.TestNGAddEmployee" name="HomePageValidation" time="1.981"/>
  <system-out/>
  <testcase classname="OrangeHRMTestNGScripts.TestNGAddEmployee" name="PImelement" time="1.957"/>
  <system-out/>
  <testcase classname="OrangeHRMTestNGScripts.TestNGAddEmployee" name="AddEmployeeDetails" time="68.961"/>
  <system-out/>
  <testcase classname="OrangeHRMTestNGScripts.TestNGAddEmployee" name="LogOut" time="1.003"/>
  <system-out/>
</testsuite> <!-- OrangeHRMTestNGScripts.TestNGAddEmployee -->
