<?xml version="1.0" encoding="UTF-8"?>
<!-- Generated by org.testng.reporters.JUnitReportReporter -->
<testsuite hostname="LAPTOP-M4JVQ32U" failures="0" tests="4" name="com.AssignmentScriptOrangeHrmLoginPAgeExcel.TestIngLoginDetails" time="4.009" errors="0" timestamp="2023-11-21T10:51:00 IST" skipped="0">
  <testcase classname="com.AssignmentScriptOrangeHrmLoginPAgeExcel.TestIngLoginDetails" name="loginPanelTextAndInvalidCredintials" time="0.835"/>
  <system-out/>
  <testcase classname="com.AssignmentScriptOrangeHrmLoginPAgeExcel.TestIngLoginDetails" name="TestData" time="1.855"/>
  <system-out/>
  <testcase classname="com.AssignmentScriptOrangeHrmLoginPAgeExcel.TestIngLoginDetails" name="homePageValidation" time="0.087"/>
  <system-out/>
  <testcase classname="com.AssignmentScriptOrangeHrmLoginPAgeExcel.TestIngLoginDetails" name="logOut" time="1.232"/>
  <system-out/>
</testsuite> <!-- com.AssignmentScriptOrangeHrmLoginPAgeExcel.TestIngLoginDetails -->
