<?xml version="1.0" encoding="UTF-8"?>
<!-- Generated by org.testng.reporters.JUnitReportReporter -->
<testsuite hostname="LAPTOP-M4JVQ32U" failures="0" tests="6" name="OrangeHrmApplicationExcelLogin.TestNGPIMemployeeList" time="15.366" errors="0" timestamp="2023-11-21T10:51:00 IST" skipped="0">
  <testcase classname="OrangeHrmApplicationExcelLogin.TestNGPIMemployeeList" name="LoginPanelText" time="0.790"/>
  <system-out/>
  <testcase classname="OrangeHrmApplicationExcelLogin.TestNGPIMemployeeList" name="LoginPageTitle" time="0.278"/>
  <system-out/>
  <testcase classname="OrangeHrmApplicationExcelLogin.TestNGPIMemployeeList" name="HomePageValidation" time="2.531"/>
  <system-out/>
  <testcase classname="OrangeHrmApplicationExcelLogin.TestNGPIMemployeeList" name="PImelement" time="3.048"/>
  <system-out/>
  <testcase classname="OrangeHrmApplicationExcelLogin.TestNGPIMemployeeList" name="AddEmployeeDetails" time="7.725"/>
  <system-out/>
  <testcase classname="OrangeHrmApplicationExcelLogin.TestNGPIMemployeeList" name="LogOut" time="0.994"/>
  <system-out/>
</testsuite> <!-- OrangeHrmApplicationExcelLogin.TestNGPIMemployeeList -->
