<?xml version="1.0" encoding="UTF-8"?>
<!-- Generated by org.testng.reporters.JUnitReportReporter -->
<testsuite hostname="LAPTOP-M4JVQ32U" failures="0" tests="3" name="com.employeeList.TestNGEmployeeList" time="13.560" errors="0" timestamp="2023-11-21T10:51:00 IST" skipped="0">
  <testcase classname="com.employeeList.TestNGEmployeeList" name="Loginpage" time="2.092"/>
  <system-out/>
  <testcase classname="com.employeeList.TestNGEmployeeList" name="PIMEmployeeList" time="10.446"/>
  <system-out/>
  <testcase classname="com.employeeList.TestNGEmployeeList" name="LogOut" time="1.022"/>
  <system-out/>
</testsuite> <!-- com.employeeList.TestNGEmployeeList -->
