<?xml version="1.0" encoding="UTF-8"?>
<!-- Generated by org.testng.reporters.JUnitReportReporter -->
<testsuite hostname="LAPTOP-M4JVQ32U" failures="0" tests="2" name="com.autoit.AutoItFirstScript" time="25.489" errors="0" timestamp="2023-11-21T11:48:17 IST" skipped="0">
  <testcase classname="com.autoit.AutoItFirstScript" name="Loginpage" time="2.022"/>
  <system-out/>
  <testcase classname="com.autoit.AutoItFirstScript" name="PIMEmployeeList" time="23.467"/>
  <system-out/>
</testsuite> <!-- com.autoit.AutoItFirstScript -->
