<?xml version="1.0" encoding="UTF-8"?>
<!-- Generated by org.testng.reporters.JUnitReportReporter -->
<testsuite hostname="LAPTOP-M4JVQ32U" failures="0" tests="7" name="com.employeeList.TestNG" time="0.009" errors="0" timestamp="2023-11-21T10:51:00 IST" skipped="1">
  <testcase classname="com.employeeList.TestNG" name="gmailApplicationLaunch" time="0.001"/>
  <system-out/>
  <testcase classname="com.employeeList.TestNG" name="gmailApplicationLogInTest" time="0.000"/>
  <system-out/>
  <testcase classname="com.employeeList.TestNG" name="gmailApplicationInBoxTest" time="0.002"/>
  <system-out/>
  <testcase classname="com.employeeList.TestNG" name="GmailApplicationComposeMailTest" time="0.000"/>
  <system-out/>
  <testcase classname="com.employeeList.TestNG" name="GmailApplicationSentMailTest" time="0.000"/>
  <system-out/>
  <testcase classname="com.employeeList.TestNG" name="GmailApplicationClose" time="0.006"/>
  <system-out/>
  <testcase classname="com.employeeList.TestNG" name="GmailApplicationDraftsMailTest">
    <skipped/>
  </testcase> <!-- GmailApplicationDraftsMailTest -->
  <system-out/>
</testsuite> <!-- com.employeeList.TestNG -->
