<?xml version="1.0" encoding="UTF-8"?>
<!-- Generated by org.testng.reporters.JUnitReportReporter -->
<testsuite hostname="LAPTOP-M4JVQ32U" failures="0" tests="5" name="TestCases.HTMLRadioButtonTest" time="64.626" errors="0" timestamp="2023-11-27T13:33:09 IST" skipped="0">
  <testcase classname="TestCases.HTMLRadioButtonTest" name="HtmlTutorialTest" time="1.095"/>
  <system-out/>
  <testcase classname="TestCases.HTMLRadioButtonTest" name="TutorialOfHTMLPageTest" time="1.523"/>
  <system-out/>
  <testcase classname="TestCases.HTMLRadioButtonTest" name="TutorialOfHTMLPageRadioButtonTutorialTest" time="1.203"/>
  <system-out/>
  <testcase classname="TestCases.HTMLRadioButtonTest" name="TutorialOfHTMLPageRadioButtonOptionsTutorialGroup1Test" time="30.402"/>
  <system-out/>
  <testcase classname="TestCases.HTMLRadioButtonTest" name="TutorialOfHTMLPageRadioButtonOptionsTutorialGroup2Test" time="30.403"/>
  <system-out/>
</testsuite> <!-- TestCases.HTMLRadioButtonTest -->
